2014-12-08 12:12:24.082486-05:00 (EST) write to database..
2014-12-08 12:13:00.674872-05:00 (EST) write to database..
2014-12-08 12:14:00.196942-05:00 (EST) write to database..
2014-12-08 12:15:00.701324-05:00 (EST) write to database..
2014-12-08 12:16:00.220230-05:00 (EST) write to database..
2014-12-08 12:17:00.725564-05:00 (EST) write to database..
2014-12-08 12:18:00.237248-05:00 (EST) write to database..
2014-12-08 12:19:00.755384-05:00 (EST) write to database..
2014-12-08 12:20:00.254959-05:00 (EST) write to database..
2014-12-08 12:21:00.782011-05:00 (EST) write to database..
2014-12-08 12:22:00.301475-05:00 (EST) write to database..
2014-12-08 12:23:00.838312-05:00 (EST) write to database..
2014-12-08 12:24:00.364773-05:00 (EST) write to database..
2014-12-08 12:25:00.884440-05:00 (EST) write to database..
2014-12-08 12:26:00.440915-05:00 (EST) write to database..
2014-12-08 12:27:00.950541-05:00 (EST) write to database..
2014-12-08 12:28:00.509034-05:00 (EST) write to database..
2014-12-08 12:29:00.030945-05:00 (EST) write to database..
2014-12-08 12:30:00.614638-05:00 (EST) write to database..
2014-12-08 12:31:00.146419-05:00 (EST) write to database..
2014-12-08 12:32:00.973398-05:00 (EST) write to database..
2014-12-08 12:33:00.492065-05:00 (EST) write to database..
2014-12-08 12:34:00.053007-05:00 (EST) write to database..
2014-12-08 12:35:00.563260-05:00 (EST) write to database..
2014-12-08 12:36:00.112368-05:00 (EST) write to database..
2014-12-08 12:37:00.609262-05:00 (EST) write to database..
2014-12-08 12:38:00.122180-05:00 (EST) write to database..
2014-12-08 12:39:00.646900-05:00 (EST) write to database..
2014-12-08 12:40:00.146595-05:00 (EST) write to database..
2014-12-08 12:41:00.667979-05:00 (EST) write to database..
2014-12-08 12:42:00.195323-05:00 (EST) write to database..
2014-12-08 12:43:00.729178-05:00 (EST) write to database..
2014-12-08 12:44:00.233151-05:00 (EST) write to database..
2014-12-08 12:45:00.772150-05:00 (EST) write to database..
2014-12-08 12:46:00.310859-05:00 (EST) write to database..
2014-12-08 12:47:00.841696-05:00 (EST) write to database..
2014-12-08 12:48:00.351432-05:00 (EST) write to database..
2014-12-08 12:49:00.895976-05:00 (EST) write to database..
2014-12-08 12:50:00.431244-05:00 (EST) write to database..
2014-12-08 12:51:00.926534-05:00 (EST) write to database..
2014-12-08 12:52:00.458975-05:00 (EST) write to database..
2014-12-08 12:53:00.971673-05:00 (EST) write to database..
2014-12-08 12:54:00.514701-05:00 (EST) write to database..
2014-12-08 12:55:00.058312-05:00 (EST) write to database..
2014-12-08 12:56:00.635404-05:00 (EST) write to database..
2014-12-08 12:57:00.163926-05:00 (EST) write to database..
2014-12-08 12:58:00.700621-05:00 (EST) write to database..
2014-12-08 12:59:00.224830-05:00 (EST) write to database..
2014-12-08 13:00:00.767991-05:00 (EST) write to database..
2014-12-08 13:01:00.276689-05:00 (EST) write to database..
2014-12-08 13:02:00.802628-05:00 (EST) write to database..
2014-12-08 13:03:00.310428-05:00 (EST) write to database..
2014-12-08 13:04:00.170959-05:00 (EST) write to database..
2014-12-08 13:05:00.726648-05:00 (EST) write to database..
2014-12-08 13:06:00.257319-05:00 (EST) write to database..
2014-12-08 13:07:00.787528-05:00 (EST) write to database..
2014-12-08 13:08:00.303732-05:00 (EST) write to database..
2014-12-08 13:09:00.828539-05:00 (EST) write to database..
2014-12-08 13:10:00.369414-05:00 (EST) write to database..
2014-12-08 13:11:00.905282-05:00 (EST) write to database..
2014-12-08 13:12:00.432096-05:00 (EST) write to database..
2014-12-08 13:13:00.970527-05:00 (EST) write to database..
2014-12-08 13:14:00.480231-05:00 (EST) write to database..
2014-12-08 13:15:00.010119-05:00 (EST) write to database..
2014-12-08 13:16:00.512551-05:00 (EST) write to database..
2014-12-08 13:17:00.032435-05:00 (EST) write to database..
2014-12-08 13:18:00.597672-05:00 (EST) write to database..
2014-12-08 13:19:00.118500-05:00 (EST) write to database..
2014-12-08 13:20:00.636792-05:00 (EST) write to database..
2014-12-08 13:21:00.181190-05:00 (EST) write to database..
2014-12-08 13:22:00.716124-05:00 (EST) write to database..
2014-12-08 13:23:00.238196-05:00 (EST) write to database..
2014-12-08 13:24:00.765799-05:00 (EST) write to database..
2014-12-08 13:25:00.275836-05:00 (EST) write to database..
2014-12-08 13:26:00.823323-05:00 (EST) write to database..
2014-12-08 13:27:00.344419-05:00 (EST) write to database..
2014-12-08 13:28:00.870761-05:00 (EST) write to database..
2014-12-08 13:29:00.786023-05:00 (EST) write to database..
2014-12-08 13:30:00.287353-05:00 (EST) write to database..
2014-12-08 13:31:00.812157-05:00 (EST) write to database..
2014-12-08 13:32:00.304207-05:00 (EST) write to database..
2014-12-08 13:33:00.816639-05:00 (EST) write to database..
2014-12-08 13:34:00.344649-05:00 (EST) write to database..
2014-12-08 13:35:00.871316-05:00 (EST) write to database..
2014-12-08 13:36:00.394775-05:00 (EST) write to database..
2014-12-08 13:37:00.911340-05:00 (EST) write to database..
2014-12-08 13:38:00.414950-05:00 (EST) write to database..
2014-12-08 13:39:00.942501-05:00 (EST) write to database..
2014-12-08 13:40:00.502741-05:00 (EST) write to database..
2014-12-08 13:41:00.039004-05:00 (EST) write to database..
2014-12-08 13:42:00.584363-05:00 (EST) write to database..
2014-12-08 13:43:00.108776-05:00 (EST) write to database..
2014-12-08 13:44:00.643490-05:00 (EST) write to database..
2014-12-08 13:45:00.212851-05:00 (EST) write to database..
2014-12-08 13:46:00.717619-05:00 (EST) write to database..
2014-12-08 13:47:00.287536-05:00 (EST) write to database..
2014-12-08 13:48:00.794988-05:00 (EST) write to database..
2014-12-08 13:49:00.312333-05:00 (EST) write to database..
2014-12-08 13:50:00.814957-05:00 (EST) write to database..
2014-12-08 13:51:00.379369-05:00 (EST) write to database..
2014-12-08 13:52:00.915203-05:00 (EST) write to database..
2014-12-08 13:53:00.444373-05:00 (EST) write to database..
2014-12-08 13:54:00.951507-05:00 (EST) write to database..
2014-12-08 13:55:00.455185-05:00 (EST) write to database..
2014-12-08 13:56:00.975048-05:00 (EST) write to database..
2014-12-08 13:57:00.488235-05:00 (EST) write to database..
2014-12-08 13:58:00.009103-05:00 (EST) write to database..
2014-12-08 13:59:00.507504-05:00 (EST) write to database..
2014-12-08 14:00:00.023952-05:00 (EST) write to database..
2014-12-08 14:01:00.525425-05:00 (EST) write to database..
2014-12-08 14:02:00.034953-05:00 (EST) write to database..
2014-12-08 14:03:00.550480-05:00 (EST) write to database..
2014-12-08 14:04:00.152008-05:00 (EST) write to database..
2014-12-08 14:05:00.666425-05:00 (EST) write to database..
2014-12-08 14:06:00.227259-05:00 (EST) write to database..
2014-12-08 14:07:00.742402-05:00 (EST) write to database..
2014-12-08 14:08:00.268584-05:00 (EST) write to database..
2014-12-08 14:09:00.777547-05:00 (EST) write to database..
2014-12-08 14:10:00.296044-05:00 (EST) write to database..
2014-12-08 14:11:00.832880-05:00 (EST) write to database..
2014-12-08 14:12:00.356605-05:00 (EST) write to database..
2014-12-08 14:13:00.888197-05:00 (EST) write to database..
2014-12-08 14:14:00.423682-05:00 (EST) write to database..
2014-12-08 14:15:00.085221-05:00 (EST) write to database..
2014-12-08 14:16:00.593805-05:00 (EST) write to database..
2014-12-08 14:17:00.122868-05:00 (EST) write to database..
2014-12-08 14:18:00.667029-05:00 (EST) write to database..
2014-12-08 14:19:00.194950-05:00 (EST) write to database..
2014-12-08 14:20:00.708920-05:00 (EST) write to database..
2014-12-08 14:21:00.225438-05:00 (EST) write to database..
2014-12-08 14:22:00.751246-05:00 (EST) write to database..
2014-12-08 14:23:00.270431-05:00 (EST) write to database..
2014-12-08 14:24:00.849785-05:00 (EST) write to database..
2014-12-08 14:25:00.388325-05:00 (EST) write to database..
2014-12-08 14:26:00.922664-05:00 (EST) write to database..
2014-12-08 14:27:00.644528-05:00 (EST) write to database..
2014-12-08 14:28:00.169323-05:00 (EST) write to database..
2014-12-08 14:29:00.686698-05:00 (EST) write to database..
2014-12-08 14:30:00.222863-05:00 (EST) write to database..
2014-12-08 14:31:00.745328-05:00 (EST) write to database..
2014-12-08 14:32:00.330617-05:00 (EST) write to database..
2014-12-08 14:33:00.869562-05:00 (EST) write to database..
2014-12-08 14:34:00.381340-05:00 (EST) write to database..
2014-12-08 14:35:00.902708-05:00 (EST) write to database..
2014-12-08 14:36:00.436431-05:00 (EST) write to database..
2014-12-08 14:37:00.960873-05:00 (EST) write to database..
2014-12-08 14:38:00.482654-05:00 (EST) write to database..
2014-12-08 14:39:00.005818-05:00 (EST) write to database..
2014-12-08 14:40:00.541011-05:00 (EST) write to database..
2014-12-08 14:41:00.108902-05:00 (EST) write to database..
2014-12-08 14:42:00.608579-05:00 (EST) write to database..
2014-12-08 14:43:00.121415-05:00 (EST) write to database..
2014-12-08 14:44:00.661478-05:00 (EST) write to database..
2014-12-08 14:45:00.162964-05:00 (EST) write to database..
2014-12-08 14:46:00.682974-05:00 (EST) write to database..
2014-12-08 14:47:00.230915-05:00 (EST) write to database..
2014-12-08 14:48:00.724600-05:00 (EST) write to database..
2014-12-08 14:49:00.222180-05:00 (EST) write to database..
2014-12-08 14:50:00.754749-05:00 (EST) write to database..
2014-12-08 14:51:00.291010-05:00 (EST) write to database..
2014-12-08 14:52:00.988112-05:00 (EST) write to database..
2014-12-08 14:53:00.516510-05:00 (EST) write to database..
2014-12-08 14:54:00.044510-05:00 (EST) write to database..
2014-12-08 14:55:00.547235-05:00 (EST) write to database..
2014-12-08 14:56:00.069064-05:00 (EST) write to database..
2014-12-08 14:57:00.590456-05:00 (EST) write to database..
2014-12-08 14:58:00.121868-05:00 (EST) write to database..
2014-12-08 14:59:00.656970-05:00 (EST) write to database..
2014-12-08 15:00:00.212599-05:00 (EST) write to database..
2014-12-08 15:01:00.741132-05:00 (EST) write to database..
2014-12-08 15:02:00.261003-05:00 (EST) write to database..
2014-12-08 15:03:00.803208-05:00 (EST) write to database..
2014-12-08 15:04:00.307599-05:00 (EST) write to database..
2014-12-08 15:05:00.854359-05:00 (EST) write to database..
2014-12-08 15:06:00.373222-05:00 (EST) write to database..
2014-12-08 15:07:00.896280-05:00 (EST) write to database..
2014-12-08 15:08:00.415223-05:00 (EST) write to database..
2014-12-08 15:09:00.917836-05:00 (EST) write to database..
2014-12-08 15:10:00.447497-05:00 (EST) write to database..
2014-12-08 15:11:00.981058-05:00 (EST) write to database..
2014-12-08 15:12:00.485650-05:00 (EST) write to database..
2014-12-08 15:13:00.021484-05:00 (EST) write to database..
2014-12-08 15:14:00.574225-05:00 (EST) write to database..
2014-12-08 15:15:00.111597-05:00 (EST) write to database..
2014-12-08 15:16:00.707053-05:00 (EST) write to database..
2014-12-08 15:17:00.234895-05:00 (EST) write to database..
2014-12-08 15:18:00.783016-05:00 (EST) write to database..
2014-12-08 15:19:00.325972-05:00 (EST) write to database..
2014-12-08 15:20:00.836807-05:00 (EST) write to database..
2014-12-08 15:21:00.336216-05:00 (EST) write to database..
2014-12-08 15:22:00.837931-05:00 (EST) write to database..
2014-12-08 15:23:00.372096-05:00 (EST) write to database..
2014-12-08 15:24:00.907950-05:00 (EST) write to database..
2014-12-08 15:25:00.469588-05:00 (EST) write to database..
2014-12-08 15:26:00.004353-05:00 (EST) write to database..
2014-12-08 15:27:00.529634-05:00 (EST) write to database..
2014-12-08 15:28:00.116872-05:00 (EST) write to database..
2014-12-08 15:29:00.687381-05:00 (EST) write to database..
2014-12-08 15:30:00.214659-05:00 (EST) write to database..
2014-12-08 15:31:00.771615-05:00 (EST) write to database..
2014-12-08 15:32:00.286209-05:00 (EST) write to database..
2014-12-08 15:33:00.804329-05:00 (EST) write to database..
2014-12-08 15:34:00.330142-05:00 (EST) write to database..
2014-12-08 15:35:00.870089-05:00 (EST) write to database..
2014-12-08 15:36:00.380943-05:00 (EST) write to database..
2014-12-08 15:37:00.880659-05:00 (EST) write to database..
2014-12-08 15:38:00.407711-05:00 (EST) write to database..
2014-12-08 15:39:00.913187-05:00 (EST) write to database..
2014-12-08 15:402014-12-09 09:30:00.272502-05:00 (EST) write to database..
2014-12-09 09:31:00.006884-05:00 (EST) write to database..
2014-12-09 09:32:00.076421-05:00 (EST) write to database..
2014-12-09 09:33:00.825018-05:00 (EST) write to database..
2014-12-09 09:34:00.480444-05:00 (EST) write to database..
2014-12-09 09:35:00.131707-05:00 (EST) write to database..
2014-12-09 09:36:00.824416-05:00 (EST) write to database..
2014-12-09 09:37:00.515747-05:00 (EST) write to database..
2014-12-09 09:38:00.124156-05:00 (EST) write to database..
2014-12-09 09:39:00.810378-05:00 (EST) write to database..
2014-12-09 09:40:00.485523-05:00 (EST) write to database..
2014-12-09 09:41:00.116131-05:00 (EST) write to database..
2014-12-09 09:42:00.707151-05:00 (EST) write to database..
2014-12-09 09:43:00.362273-05:00 (EST) write to database..
2014-12-09 09:44:00.879449-05:00 (EST) write to database..
2014-12-09 09:45:00.508531-05:00 (EST) write to database..
2014-12-09 09:46:00.355239-05:00 (EST) write to database..
2014-12-09 09:47:00.995522-05:00 (EST) write to database..
2014-12-09 09:48:00.839916-05:00 (EST) write to database..
2014-12-09 09:49:00.703503-05:00 (EST) write to database..
2014-12-09 09:50:00.360941-05:00 (EST) write to database..
2014-12-09 09:51:00.410134-05:00 (EST) write to database..
2014-12-09 09:52:00.692614-05:00 (EST) write to database..
2014-12-09 09:53:00.623002-05:00 (EST) write to database..
2014-12-09 09:54:00.360242-05:00 (EST) write to database..
2014-12-09 09:55:00.044367-05:00 (EST) write to database..
2014-12-09 09:56:00.719138-05:00 (EST) write to database..
2014-12-09 09:57:00.476224-05:00 (EST) write to database..
2014-12-09 09:58:00.911215-05:00 (EST) write to database..
2014-12-09 09:59:00.569603-05:00 (EST) write to database..
2014-12-09 10:00:00.579988-05:00 (EST) write to database..
2014-12-09 10:01:00.242354-05:00 (EST) write to database..
2014-12-09 10:02:00.748715-05:00 (EST) write to database..
2014-12-09 10:03:00.667510-05:00 (EST) write to database..
2014-12-09 10:04:00.305663-05:00 (EST) write to database..
2014-12-09 10:05:00.946983-05:00 (EST) write to database..
2014-12-09 10:06:00.369882-05:00 (EST) write to database..
2014-12-09 10:07:00.172325-05:00 (EST) write to database..
2014-12-09 10:08:00.829744-05:00 (EST) write to database..
2014-12-09 10:09:00.876329-05:00 (EST) write to database..
2014-12-09 10:10:00.547708-05:00 (EST) write to database..
2014-12-09 10:11:00.678381-05:00 (EST) write to database..
2014-12-09 10:12:00.340813-05:00 (EST) write to database..
2014-12-09 10:13:00.400885-05:00 (EST) write to database..
2014-12-09 10:14:00.026651-05:00 (EST) write to database..
2014-12-09 10:15:00.694389-05:00 (EST) write to database..
2014-12-09 10:16:00.524687-05:00 (EST) write to database..
2014-12-09 10:17:00.583573-05:00 (EST) write to database..
2014-12-09 10:18:00.316707-05:00 (EST) write to database..
2014-12-09 10:19:00.917988-05:00 (EST) write to database..
2014-12-09 10:20:00.007930-05:00 (EST) write to database..
2014-12-09 10:21:00.726021-05:00 (EST) write to database..
2014-12-09 10:22:00.510217-05:00 (EST) write to database..
2014-12-09 10:23:00.262309-05:00 (EST) write to database..
2014-12-09 10:24:00.888576-05:00 (EST) write to database..
2014-12-09 10:25:00.505636-05:00 (EST) write to database..
2014-12-09 10:26:00.227643-05:00 (EST) write to database..
2014-12-09 10:27:00.868036-05:00 (EST) write to database..
2014-12-09 10:28:00.269958-05:00 (EST) write to database..
2014-12-09 10:29:00.722804-05:00 (EST) write to database..
2014-12-09 10:30:00.392377-05:00 (EST) write to database..
2014-12-09 10:31:00.219631-05:00 (EST) write to database..
2014-12-09 10:32:00.900734-05:00 (EST) write to database..
2014-12-09 10:33:00.547995-05:00 (EST) write to database..
2014-12-09 10:34:00.386767-05:00 (EST) write to database..
2014-12-09 10:35:00.069447-05:00 (EST) write to database..
2014-12-09 10:36:00.756404-05:00 (EST) write to database..
2014-12-09 10:37:00.490047-05:00 (EST) write to database..
2014-12-09 10:38:00.055063-05:00 (EST) write to database..
2014-12-09 10:39:00.777904-05:00 (EST) write to database..
2014-12-09 10:40:00.079068-05:00 (EST) write to database..
2014-12-09 10:41:00.830314-05:00 (EST) write to database..
2014-12-09 10:42:00.521133-05:00 (EST) write to database..
2014-12-09 10:43:00.878610-05:00 (EST) write to database..
2014-12-09 10:44:00.614221-05:00 (EST) write to database..
2014-12-09 10:45:00.550118-05:00 (EST) write to database..
2014-12-09 10:46:00.937428-05:00 (EST) write to database..
2014-12-09 10:47:00.714191-05:00 (EST) write to database..
2014-12-09 10:48:00.849310-05:00 (EST) write to database..
2014-12-09 10:49:00.862400-05:00 (EST) write to database..
2014-12-09 10:50:00.529229-05:00 (EST) write to database..
2014-12-09 10:51:00.347475-05:00 (EST) write to database..
2014-12-09 10:52:00.193912-05:00 (EST) write to database..
2014-12-09 10:53:00.843440-05:00 (EST) write to database..
2014-12-09 10:54:00.501467-05:00 (EST) write to database..
2014-12-09 10:55:00.246616-05:00 (EST) write to database..
2014-12-09 10:56:00.703032-05:00 (EST) write to database..
2014-12-09 10:57:00.459396-05:00 (EST) write to database..
2014-12-09 10:58:00.134732-05:00 (EST) write to database..
2014-12-09 10:59:00.699039-05:00 (EST) write to database..
2014-12-09 11:00:00.375506-05:00 (EST) write to database..
2014-12-09 11:01:00.048708-05:00 (EST) write to database..
2014-12-09 11:02:00.721490-05:00 (EST) write to database..
2014-12-09 11:03:00.446006-05:00 (EST) write to database..
2014-12-09 11:04:00.094696-05:00 (EST) write to database..
2014-12-09 11:05:00.740513-05:00 (EST) write to database..
2014-12-09 11:06:00.431864-05:00 (EST) write to database..
2014-12-09 11:07:00.066244-05:00 (EST) write to database..
2014-12-09 11:08:00.790890-05:00 (EST) write to database..
2014-12-09 11:09:00.556192-05:00 (EST) write to database..
2014-12-09 11:10:00.306802-05:00 (EST) write to database..
2014-12-09 11:11:00.975161-05:00 (EST) write to database..
2014-12-09 11:12:00.759624-05:00 (EST) write to database..
2014-12-09 11:13:00.576383-05:00 (EST) write to database..
2014-12-09 11:14:00.257833-05:00 (EST) write to database..
2014-12-09 11:15:00.953987-05:00 (EST) write to database..
2014-12-09 11:16:00.599158-05:00 (EST) write to database..
2014-12-09 11:17:00.306322-05:00 (EST) write to database..
2014-12-09 11:18:00.118628-05:00 (EST) write to database..
2014-12-09 11:19:00.774932-05:00 (EST) write to database..
2014-12-09 11:20:00.467557-05:00 (EST) write to database..
2014-12-09 11:21:00.112217-05:00 (EST) write to database..
2014-12-09 11:22:00.760646-05:00 (EST) write to database..
2014-12-09 11:23:00.423753-05:00 (EST) write to database..
2014-12-09 11:24:00.964194-05:00 (EST) write to database..
2014-12-09 11:25:00.614051-05:00 (EST) write to database..
2014-12-09 11:26:00.329338-05:00 (EST) write to database..
2014-12-09 11:27:00.631019-05:00 (EST) write to database..
2014-12-09 11:28:00.629420-05:00 (EST) write to database..
2014-12-09 11:29:00.341530-05:00 (EST) write to database..
2014-12-09 11:30:00.388258-05:00 (EST) write to database..
2014-12-09 11:31:00.082161-05:00 (EST) write to database..
2014-12-09 11:32:00.150917-05:00 (EST) write to database..
2014-12-09 11:33:00.869428-05:00 (EST) write to database..
2014-12-09 11:34:00.596898-05:00 (EST) write to database..
2014-12-09 11:35:00.243521-05:00 (EST) write to database..
2014-12-09 11:36:00.917421-05:00 (EST) write to database..
2014-12-09 11:37:00.573283-05:00 (EST) write to database..
2014-12-09 11:38:00.229446-05:00 (EST) write to database..
2014-12-09 11:39:00.850822-05:00 (EST) write to database..
2014-12-09 11:40:00.742412-05:00 (EST) write to database..
2014-12-09 11:41:00.384189-05:00 (EST) write to database..
2014-12-09 11:42:00.024449-05:00 (EST) write to database..
2014-12-09 11:43:00.695990-05:00 (EST) write to database..
2014-12-09 11:44:00.624382-05:00 (EST) write to database..
2014-12-09 11:45:00.278414-05:00 (EST) write to database..
2014-12-09 11:46:00.913370-05:00 (EST) write to database..
2014-12-09 11:47:00.538328-05:00 (EST) write to database..
2014-12-09 11:48:00.175412-05:00 (EST) write to database..
2014-12-09 11:49:00.848664-05:00 (EST) write to database..
2014-12-09 11:50:00.507729-05:00 (EST) write to database..
2014-12-09 11:51:00.474134-05:00 (EST) write to database..
2014-12-09 11:52:00.116038-05:00 (EST) write to database..
2014-12-09 11:53:00.769021-05:00 (EST) write to database..
2014-12-09 11:54:00.451244-05:00 (EST) write to database..
2014-12-09 11:55:00.100572-05:00 (EST) write to database..
2014-12-09 11:56:00.851219-05:00 (EST) write to database..
2014-12-09 11:57:00.555780-05:00 (EST) write to database..
2014-12-09 11:58:00.284807-05:00 (EST) write to database..
2014-12-09 11:59:00.983834-05:00 (EST) write to database..
2014-12-09 12:00:00.162361-05:00 (EST) write to database..
2014-12-09 12:01:00.808978-05:00 (EST) write to database..
2014-12-09 12:02:00.468712-05:00 (EST) write to database..
2014-12-09 12:03:00.276892-05:00 (EST) write to database..
2014-12-09 12:04:00.466281-05:00 (EST) write to database..
2014-12-09 12:05:00.246953-05:00 (EST) write to database..
2014-12-09 12:06:00.363603-05:00 (EST) write to database..
2014-12-09 12:07:00.071078-05:00 (EST) write to database..
2014-12-09 12:08:00.729115-05:00 (EST) write to database..
2014-12-09 12:09:00.412462-05:00 (EST) write to database..
2014-12-09 12:10:00.078298-05:00 (EST) write to database..
2014-12-09 12:11:00.045070-05:00 (EST) write to database..
2014-12-09 12:12:00.716814-05:00 (EST) write to database..
2014-12-09 12:13:00.392615-05:00 (EST) write to database..
2014-12-09 12:14:00.305367-05:00 (EST) write to database..
2014-12-09 12:15:00.003191-05:00 (EST) write to database..
2014-12-09 12:16:00.029897-05:00 (EST) write to database..
2014-12-09 12:17:00.675518-05:00 (EST) write to database..
2014-12-09 12:18:00.311498-05:00 (EST) write to database..
2014-12-09 12:19:00.185650-05:00 (EST) write to database..
2014-12-09 12:20:00.191542-05:00 (EST) write to database..
2014-12-09 12:21:00.863223-05:00 (EST) write to database..
2014-12-09 12:22:00.865264-05:00 (EST) write to database..
2014-12-09 12:23:00.554234-05:00 (EST) write to database..
2014-12-09 12:24:00.567922-05:00 (EST) write to database..
2014-12-09 12:25:00.233217-05:00 (EST) write to database..
2014-12-09 12:26:00.347586-05:00 (EST) write to database..
2014-12-09 12:27:00.537809-05:00 (EST) write to database..
2014-12-09 12:28:00.746652-05:00 (EST) write to database..
2014-12-09 12:29:00.375361-05:00 (EST) write to database..
2014-12-09 12:30:00.021008-05:00 (EST) write to database..
2014-12-09 12:31:00.700533-05:00 (EST) write to database..
2014-12-09 12:32:00.373333-05:00 (EST) write to database..
2014-12-09 12:33:00.023760-05:00 (EST) write to database..
2014-12-09 12:34:00.726126-05:00 (EST) write to database..
2014-12-09 12:35:00.031749-05:00 (EST) write to database..
2014-12-09 12:36:00.915034-05:00 (EST) write to database..
2014-12-09 12:37:00.492987-05:00 (EST) write to database..
2014-12-09 12:38:00.220781-05:00 (EST) write to database..
2014-12-09 12:39:00.866190-05:00 (EST) write to database..
2014-12-09 12:40:00.527661-05:00 (EST) write to database..
2014-12-09 12:41:00.145699-05:00 (EST) write to database..
2014-12-09 12:42:00.520469-05:00 (EST) write to database..
2014-12-09 12:43:00.154682-05:00 (EST) write to database..
2014-12-09 12:44:00.844078-05:00 (EST) write to database..
2014-12-09 12:45:00.492852-05:00 (EST) write to database..
2014-12-09 12:46:00.905703-05:00 (EST) write to database..
2014-12-09 12:47:00.555629-05:00 (EST) write to database..
2014-12-09 12:48:00.303516-05:00 (EST) write to database..
2014-12-09 12:49:00.942390-05:00 (EST) write to database..
2014-12-09 12:50:00.869160-05:00 (EST) write to database..
2014-12-09 12:51:00.509321-05:00 (EST) write to database..
2014-12-09 12:52:00.947701-05:00 (EST) write to database..
2014-12-09 12:53:00.738366-05:00 (EST) write to database..
2014-12-09 12:54:00.858832-05:00 (EST) write to database..
2014-12-09 12:55:00.551400-05:00 (EST) write to database..
2014-12-09 12:56:00.192766-05:00 (EST) write to database..
2014-12-09 12:57:00.868431-05:00 (EST) write to database..
2014-12-09 12:58:00.639300-05:00 (EST) write to database..
2014-12-09 12:59:00.770592-05:00 (EST) write to database..
2014-12-09 13:00:00.435403-05:00 (EST) write to database..
2014-12-09 13:01:00.071117-05:00 (EST) write to database..
2014-12-09 13:02:00.749432-05:00 (EST) write to database..
2014-12-09 13:03:00.468526-05:00 (EST) write to database..
2014-12-09 13:04:00.759551-05:00 (EST) write to database..
2014-12-09 13:05:00.407573-05:00 (EST) write to database..
2014-12-09 13:06:00.055783-05:00 (EST) write to database..
2014-12-09 13:07:00.756332-05:00 (EST) write to database..
2014-12-09 13:08:00.465262-05:00 (EST) write to database..
2014-12-09 13:09:00.077677-05:00 (EST) write to database..
2014-12-09 13:10:00.739048-05:00 (EST) write to database..
2014-12-09 13:11:00.574289-05:00 (EST) write to database..
2014-12-09 13:12:00.247018-05:00 (EST) write to database..
2014-12-09 13:13:00.899507-05:00 (EST) write to database..
2014-12-09 13:14:00.654858-05:00 (EST) write to database..
2014-12-09 13:15:00.815488-05:00 (EST) write to database..
2014-12-09 13:16:00.458554-05:00 (EST) write to database..
2014-12-09 13:17:00.826525-05:00 (EST) write to database..
2014-12-09 13:18:00.522716-05:00 (EST) write to database..
2014-12-09 13:19:00.333007-05:00 (EST) write to database..
2014-12-09 13:20:00.021099-05:00 (EST) write to database..
2014-12-09 13:21:00.908113-05:00 (EST) write to database..
2014-12-09 13:22:00.859390-05:00 (EST) write to database..
2014-12-09 13:23:00.479326-05:00 (EST) write to database..
2014-12-09 13:24:00.093949-05:00 (EST) write to database..
2014-12-09 13:25:00.718000-05:00 (EST) write to database..
2014-12-09 13:26:00.444744-05:00 (EST) write to database..
2014-12-09 13:27:00.463698-05:00 (EST) write to database..
2014-12-09 13:28:00.917148-05:00 (EST) write to database..
2014-12-09 13:29:00.165451-05:00 (EST) write to database..
2014-12-09 13:30:00.802048-05:00 (EST) write to database..
2014-12-09 13:31:00.644764-05:00 (EST) write to database..
2014-12-09 13:32:00.855674-05:00 (EST) write to database..
2014-12-09 13:33:00.525080-05:00 (EST) write to database..
2014-12-09 13:34:00.245899-05:00 (EST) write to database..
2014-12-09 13:35:00.083857-05:00 (EST) write to database..
2014-12-09 13:36:00.764870-05:00 (EST) write to database..
2014-12-09 13:37:00.335538-05:00 (EST) write to database..
2014-12-09 13:38:00.985821-05:00 (EST) write to database..
2014-12-09 13:39:00.179629-05:00 (EST) write to database..
2014-12-09 13:40:00.876023-05:00 (EST) write to database..
2014-12-09 13:41:00.613462-05:00 (EST) write to database..
2014-12-09 13:42:00.935855-05:00 (EST) write to database..
2014-12-09 13:43:00.629018-05:00 (EST) write to database..
2014-12-09 13:44:00.552905-05:00 (EST) write to database..
2014-12-09 13:45:00.257057-05:00 (EST) write to database..
2014-12-09 13:46:00.864946-05:00 (EST) write to database..
2014-12-09 13:47:00.587184-05:00 (EST) write to database..
2014-12-09 13:48:00.833145-05:00 (EST) write to database..
2014-12-09 13:49:00.830972-05:00 (EST) write to database..
2014-12-09 13:50:00.885483-05:00 (EST) write to database..
2014-12-09 13:51:00.547151-05:00 (EST) write to database..
2014-12-09 13:52:00.651109-05:00 (EST) write to database..
2014-12-09 13:53:00.322566-05:00 (EST) write to database..
2014-12-09 13:54:00.057230-05:00 (EST) write to database..
2014-12-09 13:55:00.715229-05:00 (EST) write to database..
2014-12-09 13:56:00.778179-05:00 (EST) write to database..
2014-12-09 13:57:00.446200-05:00 (EST) write to database..
2014-12-09 13:58:00.101981-05:00 (EST) write to database..
2014-12-09 13:59:00.752769-05:00 (EST) write to database..
2014-12-09 14:00:00.423212-05:00 (EST) write to database..
2014-12-09 14:01:00.255859-05:00 (EST) write to database..
2014-12-09 14:02:00.904965-05:00 (EST) write to database..
2014-12-09 14:03:00.734644-05:00 (EST) write to database..
2014-12-09 14:04:00.398964-05:00 (EST) write to database..
2014-12-09 14:05:00.185776-05:00 (EST) write to database..
2014-12-09 14:06:00.237386-05:00 (EST) write to database..
2014-12-09 14:07:00.250220-05:00 (EST) write to database..
2014-12-09 14:08:00.526478-05:00 (EST) write to database..
2014-12-09 14:09:00.260842-05:00 (EST) write to database..
2014-12-09 14:10:00.375641-05:00 (EST) write to database..
2014-12-09 14:11:00.035819-05:00 (EST) write to database..
2014-12-09 14:12:00.327037-05:00 (EST) write to database..
2014-12-09 14:13:00.927352-05:00 (EST) write to database..
2014-12-09 14:14:00.573684-05:00 (EST) write to database..
2014-12-09 14:15:00.312018-05:00 (EST) write to database..
2014-12-09 14:16:00.601613-05:00 (EST) write to database..
2014-12-09 14:17:00.750621-05:00 (EST) write to database..
2014-12-09 14:18:00.392970-05:00 (EST) write to database..
2014-12-09 14:19:00.109185-05:00 (EST) write to database..
2014-12-09 14:20:00.024511-05:00 (EST) write to database..
2014-12-09 14:21:00.700035-05:00 (EST) write to database..
2014-12-09 14:22:00.137610-05:00 (EST) write to database..
2014-12-09 14:23:00.893311-05:00 (EST) write to database..
2014-12-09 14:24:00.550738-05:00 (EST) write to database..
2014-12-09 14:25:00.701677-05:00 (EST) write to database..
2014-12-09 14:26:00.813212-05:00 (EST) write to database..
2014-12-09 14:27:00.867246-05:00 (EST) write to database..
2014-12-09 14:28:00.491947-05:00 (EST) write to database..
2014-12-09 14:29:00.369516-05:00 (EST) write to database..
2014-12-09 14:30:00.984275-05:00 (EST) write to database..
2014-12-09 14:31:00.689527-05:00 (EST) write to database..
2014-12-09 14:32:00.299504-05:00 (EST) write to database..
2014-12-09 14:33:00.933064-05:00 (EST) write to database..
2014-12-09 14:34:00.596431-05:00 (EST) write to database..
2014-12-09 14:35:00.247058-05:00 (EST) write to database..
2014-12-09 14:36:00.956260-05:00 (EST) write to database..
2014-12-09 14:37:00.568520-05:00 (EST) write to database..
2014-12-09 14:38:00.103212-05:00 (EST) write to database..
2014-12-09 14:39:00.901885-05:00 (EST) write to database..
2014-12-09 14:40:00.521884-05:00 (EST) write to database..
2014-12-09 14:41:00.301733-05:00 (EST) write to database..
2014-12-09 14:42:00.949781-05:00 (EST) write to database..
2014-12-09 14:43:00.476751-05:00 (EST) write to database..
2014-12-09 14:44:00.960065-05:00 (EST) write to database..
2014-12-09 14:45:00.726171-05:00 (EST) write to database..
2014-12-09 14:46:00.545780-05:00 (EST) write to database..
2014-12-09 14:47:00.208415-05:00 (EST) write to database..
2014-12-09 14:48:00.950707-05:00 (EST) write to database..
2014-12-09 14:49:00.772427-05:00 (EST) write to database..
2014-12-09 14:50:00.529065-05:00 (EST) write to database..
2014-12-09 14:51:00.174533-05:00 (EST) write to database..
2014-12-09 14:52:00.818981-05:00 (EST) write to database..
2014-12-09 14:53:00.522880-05:00 (EST) write to database..
2014-12-09 14:54:00.901515-05:00 (EST) write to database..
2014-12-09 14:55:00.566022-05:00 (EST) write to database..
2014-12-09 14:56:00.823130-05:00 (EST) write to database..
2014-12-09 14:57:00.463879-05:00 (EST) write to database..
2014-12-09 14:58:00.126327-05:00 (EST) write to database..
2014-12-09 14:59:00.865056-05:00 (EST) write to database..
2014-12-09 15:00:00.523088-05:00 (EST) write to database..
2014-12-09 15:01:00.192719-05:00 (EST) write to database..
2014-12-09 15:02:00.224243-05:00 (EST) write to database..
2014-12-09 15:03:00.053575-05:00 (EST) write to database..
2014-12-09 15:04:00.676711-05:00 (EST) write to database..
2014-12-09 15:05:00.412664-05:00 (EST) write to database..
2014-12-09 15:06:00.195689-05:00 (EST) write to database..
2014-12-09 15:07:00.859005-05:00 (EST) write to database..
2014-12-09 15:08:00.038188-05:00 (EST) write to database..
2014-12-09 15:09:00.677421-05:00 (EST) write to database..
2014-12-09 15:10:00.404835-05:00 (EST) write to database..
2014-12-09 15:11:00.318345-05:00 (EST) write to database..
2014-12-09 15:12:00.298885-05:00 (EST) write to database..
2014-12-09 15:13:00.287895-05:00 (EST) write to database..
2014-12-09 15:14:00.951162-05:00 (EST) write to database..
2014-12-09 15:15:00.610908-05:00 (EST) write to database..
2014-12-09 15:16:00.343183-05:00 (EST) write to database..
2014-12-09 15:17:00.124803-05:00 (EST) write to database..
2014-12-09 15:18:00.058257-05:00 (EST) write to database..
2014-12-09 15:19:00.734822-05:00 (EST) write to database..
2014-12-09 15:20:00.715063-05:00 (EST) write to database..
2014-12-09 15:21:00.448691-05:00 (EST) write to database..
2014-12-09 15:22:00.167746-05:00 (EST) write to database..
2014-12-09 15:23:00.814026-05:00 (EST) write to database..
2014-12-09 15:24:00.130149-05:00 (EST) write to database..
2014-12-09 15:25:00.773958-05:00 (EST) write to database..
2014-12-09 15:26:00.673333-05:00 (EST) write to database..
2014-12-09 15:27:00.354708-05:00 (EST) write to database..
2014-12-09 15:28:00.461854-05:00 (EST) write to database..
2014-12-09 15:29:00.199463-05:00 (EST) write to database..
2014-12-09 15:30:00.300727-05:00 (EST) write to database..
2014-12-09 15:31:00.077303-05:00 (EST) write to database..
2014-12-09 15:32:00.201280-05:00 (EST) write to database..
2014-12-09 15:33:00.326959-05:00 (EST) write to database..
2014-12-09 15:34:00.071490-05:00 (EST) write to database..
2014-12-09 15:35:00.146125-05:00 (EST) write to database..
2014-12-09 15:36:00.780908-05:00 (EST) write to database..
2014-12-09 15:37:00.487583-05:00 (EST) write to database..
2014-12-09 15:38:00.143067-05:00 (EST) write to database..
2014-12-09 15:39:00.961553-05:00 (EST) write to database..
2014-12-09 15:40:00.705123-05:00 (EST) write to database..
2014-12-09 15:41:00.363939-05:00 (EST) write to database..
2014-12-09 15:42:00.986086-05:00 (EST) write to database..
2014-12-09 15:43:00.641095-05:00 (EST) write to database..
2014-12-09 15:44:00.081189-05:00 (EST) write to database..
2014-12-09 15:45:00.881821-05:00 (EST) write to database..
2014-12-09 15:46:00.011601-05:00 (EST) write to database..
2014-12-09 15:47:00.713059-05:00 (EST) write to database..
2014-12-09 15:48:00.464912-05:00 (EST) write to database..
2014-12-09 15:49:00.144758-05:00 (EST) write to database..
2014-12-09 15:50:00.304155-05:00 (EST) write to database..
2014-12-09 15:51:00.974966-05:00 (EST) write to database..
2014-12-09 15:52:00.665614-05:00 (EST) write to database..
2014-12-09 15:53:00.361003-05:00 (EST) write to database..
2014-12-09 15:54:00.054049-05:00 (EST) write to database..
2014-12-09 15:55:00.781617-05:00 (EST) write to database..
2014-12-09 15:56:00.665911-05:00 (EST) write to database..
2014-12-09 15:57:00.352141-05:00 (EST) write to database..
2014-12-09 15:58:00.042388-05:00 (EST) write to database..
2014-12-09 15:59:00.958115-05:00 (EST) write to database..
2014-12-10 09:30:00.533693-05:00 (EST) write to database..
2014-12-10 09:31:00.365130-05:00 (EST) write to database..
2014-12-10 09:32:00.566525-05:00 (EST) write to database..
2014-12-10 09:33:00.440169-05:00 (EST) write to database..
2014-12-10 09:34:00.259549-05:00 (EST) write to database..
2014-12-10 09:35:00.872074-05:00 (EST) write to database..
2014-12-10 09:36:00.535066-05:00 (EST) write to database..
2014-12-10 09:37:00.381701-05:00 (EST) write to database..
2014-12-10 09:38:00.029924-05:00 (EST) write to database..
2014-12-10 09:39:00.814406-05:00 (EST) write to database..
2014-12-10 09:40:00.422284-05:00 (EST) write to database..
2014-12-10 09:41:00.047349-05:00 (EST) write to database..
2014-12-10 09:43:07.864067-05:00 (EST) write to database..
2014-12-10 09:44:00.123131-05:00 (EST) write to database..
2014-12-10 09:45:00.415115-05:00 (EST) write to database..
2014-12-10 09:46:00.090967-05:00 (EST) write to database..
2014-12-10 09:47:00.777725-05:00 (EST) write to database..
2014-12-10 09:49:09.266981-05:00 (EST) write to database..
2014-12-10 09:50:00.508205-05:00 (EST) write to database..
2014-12-10 09:51:00.455983-05:00 (EST) write to database..
2014-12-10 09:52:00.151680-05:00 (EST) write to database..
2014-12-10 09:53:00.747820-05:00 (EST) write to database..
2014-12-10 09:54:00.419909-05:00 (EST) write to database..
2014-12-10 09:55:00.062132-05:00 (EST) write to database..
2014-12-10 09:57:07.951419-05:00 (EST) write to database..
2014-12-10 09:58:00.540043-05:00 (EST) write to database..
2014-12-10 10:00:13.401158-05:00 (EST) write to database..
2014-12-10 10:01:00.044582-05:00 (EST) write to database..
2014-12-10 10:02:00.699666-05:00 (EST) write to database..
2014-12-10 10:03:00.349171-05:00 (EST) write to database..
2014-12-10 10:04:00.985118-05:00 (EST) write to database..
2014-12-10 10:05:00.874722-05:00 (EST) write to database..
Traceback (most recent call last):
  File "generate_data.py", line 74, in <module>
    run()
  File "generate_data.py", line 68, in run
    yahoodata = yahoostockquote.get_stock_realtime_data(bStockConfig.symbols, timeNow)
  File "/home/hcai/deploy/blind/server/datafeed/yahoostockquote.py", line 53, in get_stock_realtime_data
    content = json.loads(_request(symbols))
  File "/home/hcai/deploy/blind/server/datafeed/yahoostockquote.py", line 17, in _request
    resp = urlopen(req)
  File "/usr/lib/python2.7/urllib2.py", line 127, in urlopen
    return _opener.open(url, data, timeout)
  File "/usr/lib/python2.7/urllib2.py", line 404, in open
    response = self._open(req, data)
  File "/usr/lib/python2.7/urllib2.py", line 422, in _open
    '_open', req)
  File "/usr/lib/python2.7/urllib2.py", line 382, in _call_chain
    result = func(*args)
  File "/usr/lib/python2.7/urllib2.py", line 1222, in https_open
    return self.do_open(httplib.HTTPSConnection, req)
  File "/usr/lib/python2.7/urllib2.py", line 1184, in do_open
    raise URLError(err)
urllib2.URLError: <urlopen error [Errno 110] Connection timed out>
